<?xml version="1.0" encoding="UTF-8"?>
<testng-results ignored="0" total="1" passed="1" failed="0" skipped="0">
  <reporter-output>
  </reporter-output>
  <suite started-at="2023-05-29T09:15:45 IST" name="Default suite" finished-at="2023-05-29T09:15:45 IST" duration-ms="156">
    <groups>
    </groups>
    <test started-at="2023-05-29T09:15:45 IST" name="Default test" finished-at="2023-05-29T09:15:45 IST" duration-ms="156">
      <class name="day1.TestNG_LearningChild">
        <test-method is-config="true" signature="method4()[pri:0, instance:day1.TestNG_LearningChild@63376bed]" started-at="2023-05-29T09:15:45 IST" name="method4" finished-at="2023-05-29T09:15:45 IST" duration-ms="40" status="PASS">
          <reporter-output>
          </reporter-output>
        </test-method> <!-- method4 -->
        <test-method is-config="true" signature="method3()[pri:0, instance:day1.TestNG_LearningChild@63376bed]" started-at="2023-05-29T09:15:45 IST" name="method3" finished-at="2023-05-29T09:15:45 IST" duration-ms="2" status="PASS">
          <reporter-output>
          </reporter-output>
        </test-method> <!-- method3 -->
        <test-method is-config="true" signature="method2()[pri:0, instance:day1.TestNG_LearningChild@63376bed]" started-at="2023-05-29T09:15:45 IST" name="method2" finished-at="2023-05-29T09:15:45 IST" duration-ms="2" status="PASS">
          <reporter-output>
          </reporter-output>
        </test-method> <!-- method2 -->
        <test-method is-config="true" signature="method1()[pri:0, instance:day1.TestNG_LearningChild@63376bed]" started-at="2023-05-29T09:15:45 IST" name="method1" finished-at="2023-05-29T09:15:45 IST" duration-ms="0" status="PASS">
          <reporter-output>
          </reporter-output>
        </test-method> <!-- method1 -->
        <test-method signature="method0()[pri:0, instance:day1.TestNG_LearningChild@63376bed]" started-at="2023-05-29T09:15:45 IST" name="method0" finished-at="2023-05-29T09:15:45 IST" duration-ms="23" status="PASS">
          <reporter-output>
          </reporter-output>
        </test-method> <!-- method0 -->
        <test-method is-config="true" signature="method5()[pri:0, instance:day1.TestNG_LearningChild@63376bed]" started-at="2023-05-29T09:15:45 IST" name="method5" finished-at="2023-05-29T09:15:45 IST" duration-ms="2" status="PASS">
          <reporter-output>
          </reporter-output>
        </test-method> <!-- method5 -->
        <test-method is-config="true" signature="method6()[pri:0, instance:day1.TestNG_LearningChild@63376bed]" started-at="2023-05-29T09:15:45 IST" name="method6" finished-at="2023-05-29T09:15:45 IST" duration-ms="1" status="PASS">
          <reporter-output>
          </reporter-output>
        </test-method> <!-- method6 -->
        <test-method is-config="true" signature="method7()[pri:0, instance:day1.TestNG_LearningChild@63376bed]" started-at="2023-05-29T09:15:45 IST" name="method7" finished-at="2023-05-29T09:15:45 IST" duration-ms="1" status="PASS">
          <reporter-output>
          </reporter-output>
        </test-method> <!-- method7 -->
        <test-method is-config="true" signature="method8()[pri:0, instance:day1.TestNG_LearningChild@63376bed]" started-at="2023-05-29T09:15:45 IST" name="method8" finished-at="2023-05-29T09:15:45 IST" duration-ms="1" status="PASS">
          <reporter-output>
          </reporter-output>
        </test-method> <!-- method8 -->
      </class> <!-- day1.TestNG_LearningChild -->
    </test> <!-- Default test -->
  </suite> <!-- Default suite -->
</testng-results>
